<?xml version="1.0" encoding="UTF-8"?>
<testsuite name="runners.CrearCuenta" tests="0" skipped="0" failures="0" errors="0" timestamp="1970-01-01T00:00:00" hostname="CAMILO" time="0.0">
  <properties/>
  <system-out><![CDATA[
3 Scenarios (?[33m3 undefined?[0m)
9 Steps (?[33m9 undefined?[0m)
0m0.213s


You can implement missing steps with the snippets below:


@Given("^el usuario se encuentra en la pagina del formulario$")
public void elUsuarioSeEncuentraEnLaPaginaDelFormulario() {
    // Write code here that turns the phrase above into concrete actions
    throw new PendingException();
}

@When("^el usuario ingresa toda su informacion correctamente$")
public void elUsuarioIngresaTodaSuInformacionCorrectamente() {
    // Write code here that turns the phrase above into concrete actions
    throw new PendingException();
}

@Then("^vera el mensaje bienvenido$")
public void veraElMensajeBienvenido() {
    // Write code here that turns the phrase above into concrete actions
    throw new PendingException();
}

]]></system-out>
  <system-err><![CDATA[SLF4J: Failed to load class "org.slf4j.impl.StaticLoggerBinder".
SLF4J: Defaulting to no-operation (NOP) logger implementation
SLF4J: See http://www.slf4j.org/codes.html#StaticLoggerBinder for further details.
]]></system-err>
</testsuite>
